<?xml version="1.0" encoding="UTF-8"?>
<TestRun id="b0c57aab-e434-4457-afe6-3d3ef58402b6" name="tyz@TYZ-PC 2013-10-14 18:13:06" runUser="tyz-PC\tyz" xmlns="http://microsoft.com/schemas/VisualStudio/TeamTest/2010">
  <TestSettings name="本地" id="785f5f82-70d2-4378-acc3-ab9f1ff51417">
    <Description>这些设置为本地测试运行的默认测试设置。</Description>
    <Deployment enabled="false" runDeploymentRoot="tyz_TYZ-PC 2013-10-14 18_13_06">
      <DeploymentItem filename="D:\Dropbox\code\TankBot\TankBot.exe" />
      <DeploymentItem filename="D:\Dropbox\code\TankBot\PowerCollections\bin\Release\PowerCollections.dll" />
    </Deployment>
    <Execution>
      <TestTypeSpecific />
      <AgentRule name="Execution Agents">
      </AgentRule>
    </Execution>
  </TestSettings>
  <Times creation="2013-10-14T18:13:06.5300438+08:00" queuing="2013-10-14T18:13:06.6340498+08:00" start="2013-10-14T18:13:06.6550510+08:00" finish="2013-10-14T18:13:06.9340669+08:00" />
  <ResultSummary outcome="Completed">
    <Counters total="1" executed="1" passed="1" error="0" failed="0" timeout="0" aborted="0" inconclusive="0" passedButRunAborted="0" notRunnable="0" notExecuted="0" disconnected="0" warning="0" completed="0" inProgress="0" pending="0" />
  </ResultSummary>
  <TestDefinitions>
    <UnitTest name="clickOrderTest" storage="d:\dropbox\code\tankbot\testproject1\bin\release\testproject1.dll" id="f8ec2c63-9fcc-fd55-5eae-6231a7596d9d">
      <Execution id="d0d68321-6d2b-43f8-90f0-0254aed0bca8" />
      <TestMethod codeBase="D:/Dropbox/code/TankBot/TestProject1/bin/Release/TestProject1.DLL" adapterTypeName="Microsoft.VisualStudio.TestTools.TestTypes.Unit.UnitTestAdapter, Microsoft.VisualStudio.QualityTools.Tips.UnitTest.Adapter, Version=10.0.0.0, Culture=neutral, PublicKeyToken=b03f5f7f11d50a3a" className="TestProject1.ClickOrderTest, TestProject1, Version=1.0.0.0, Culture=neutral, PublicKeyToken=null" name="clickOrderTest" />
    </UnitTest>
  </TestDefinitions>
  <TestLists>
    <TestList name="列表中未列出的结果" id="8c84fa94-04c1-424b-9868-57a2d4851a1d" />
    <TestList name="所有已加载的结果" id="19431567-8539-422a-85d7-44ee4e166bda" />
  </TestLists>
  <TestEntries>
    <TestEntry testId="f8ec2c63-9fcc-fd55-5eae-6231a7596d9d" executionId="d0d68321-6d2b-43f8-90f0-0254aed0bca8" testListId="8c84fa94-04c1-424b-9868-57a2d4851a1d" />
  </TestEntries>
  <Results>
    <UnitTestResult executionId="d0d68321-6d2b-43f8-90f0-0254aed0bca8" testId="f8ec2c63-9fcc-fd55-5eae-6231a7596d9d" testName="clickOrderTest" computerName="TYZ-PC" duration="00:00:00.0124883" startTime="2013-10-14T18:13:06.6630514+08:00" endTime="2013-10-14T18:13:06.9000650+08:00" testType="13cdc9d9-ddb5-4fa4-a97d-d965ccfc6d4b" outcome="Passed" testListId="8c84fa94-04c1-424b-9868-57a2d4851a1d" relativeResultsDirectory="d0d68321-6d2b-43f8-90f0-0254aed0bca8">
    </UnitTestResult>
  </Results>
</TestRun>