<?xml version="1.0" encoding="UTF-8"?>
<TestRun id="3510a5d2-408e-4a32-a6c1-d79f5cf0fdc2" name="tyz@TYZ-PC 2013-10-21 19:34:44" runUser="tyz-PC\tyz" xmlns="http://microsoft.com/schemas/VisualStudio/TeamTest/2010">
  <TestSettings name="本地" id="785f5f82-70d2-4378-acc3-ab9f1ff51417">
    <Description>这些设置为本地测试运行的默认测试设置。</Description>
    <Deployment enabled="false" runDeploymentRoot="tyz_TYZ-PC 2013-10-21 19_34_44">
      <DeploymentItem filename="D:\Dropbox\code\TankBot\PowerCollections\bin\Release\PowerCollections.dll" />
      <DeploymentItem filename="C:\wotdbg\res_mods\TankBot.exe" />
    </Deployment>
    <Execution>
      <TestTypeSpecific />
      <AgentRule name="Execution Agents">
      </AgentRule>
    </Execution>
  </TestSettings>
  <Times creation="2013-10-21T19:34:44.1132507+08:00" queuing="2013-10-21T19:34:44.2242571+08:00" start="2013-10-21T19:34:44.2442582+08:00" finish="2013-10-21T19:34:44.5262744+08:00" />
  <ResultSummary outcome="Inconclusive">
    <Counters total="1" executed="1" error="0" failed="0" timeout="0" aborted="0" inconclusive="1" passedButRunAborted="0" notRunnable="0" notExecuted="0" disconnected="0" warning="0" passed="0" completed="0" inProgress="0" pending="0" />
  </ResultSummary>
  <TestDefinitions>
    <UnitTest name="cheatMasterUserNameTest" storage="d:\dropbox\code\tankbot\testproject1\bin\release\testproject1.dll" id="38590647-bc4c-8f50-a391-0f4dbccc84b0">
      <Execution id="b1c8440c-7ad9-457f-9e7f-2f162b1a7dce" />
      <TestMethod codeBase="D:/Dropbox/code/TankBot/TestProject1/bin/Release/TestProject1.DLL" adapterTypeName="Microsoft.VisualStudio.TestTools.TestTypes.Unit.UnitTestAdapter, Microsoft.VisualStudio.QualityTools.Tips.UnitTest.Adapter, Version=10.0.0.0, Culture=neutral, PublicKeyToken=b03f5f7f11d50a3a" className="TestProject1.TBConstTest, TestProject1, Version=1.0.0.0, Culture=neutral, PublicKeyToken=null" name="cheatMasterUserNameTest" />
    </UnitTest>
  </TestDefinitions>
  <TestLists>
    <TestList name="列表中未列出的结果" id="8c84fa94-04c1-424b-9868-57a2d4851a1d" />
    <TestList name="所有已加载的结果" id="19431567-8539-422a-85d7-44ee4e166bda" />
  </TestLists>
  <TestEntries>
    <TestEntry testId="38590647-bc4c-8f50-a391-0f4dbccc84b0" executionId="b1c8440c-7ad9-457f-9e7f-2f162b1a7dce" testListId="8c84fa94-04c1-424b-9868-57a2d4851a1d" />
  </TestEntries>
  <Results>
    <UnitTestResult executionId="b1c8440c-7ad9-457f-9e7f-2f162b1a7dce" testId="38590647-bc4c-8f50-a391-0f4dbccc84b0" testName="cheatMasterUserNameTest" computerName="TYZ-PC" duration="00:00:00.0488983" startTime="2013-10-21T19:34:44.2492585+08:00" endTime="2013-10-21T19:34:44.5032731+08:00" testType="13cdc9d9-ddb5-4fa4-a97d-d965ccfc6d4b" outcome="Inconclusive" testListId="8c84fa94-04c1-424b-9868-57a2d4851a1d" relativeResultsDirectory="b1c8440c-7ad9-457f-9e7f-2f162b1a7dce">
      <Output>
        <ErrorInfo>
          <Message>Assert.Inconclusive 失败。actual</Message>
          <StackTrace>   在 TestProject1.TBConstTest.cheatMasterUserNameTest() 位置 D:\Dropbox\code\TankBot\TestProject1\TBConstTest.cs:行号 86
</StackTrace>
        </ErrorInfo>
      </Output>
    </UnitTestResult>
  </Results>
</TestRun>