<?xml version="1.0" encoding="UTF-8"?>
<TestRun id="e7311b51-97c3-4a9b-9955-8b0d64b4b9e5" name="tyz@TYZ-PC 2013-10-21 22:03:53" runUser="tyz-PC\tyz" xmlns="http://microsoft.com/schemas/VisualStudio/TeamTest/2010">
  <TestSettings name="本地" id="785f5f82-70d2-4378-acc3-ab9f1ff51417">
    <Description>这些设置为本地测试运行的默认测试设置。</Description>
    <Deployment enabled="false" runDeploymentRoot="tyz_TYZ-PC 2013-10-21 22_03_53">
      <DeploymentItem filename="D:\Dropbox\code\TankBot\PowerCollections\bin\Release\PowerCollections.dll" />
      <DeploymentItem filename="C:\wotdbg\res_mods\TankBot.exe" />
    </Deployment>
    <Execution>
      <TestTypeSpecific />
      <AgentRule name="Execution Agents">
      </AgentRule>
    </Execution>
  </TestSettings>
  <Times creation="2013-10-21T22:03:53.7181389+08:00" queuing="2013-10-21T22:03:54.4751822+08:00" start="2013-10-21T22:03:54.5981892+08:00" finish="2013-10-21T22:04:04.7837718+08:00" />
  <ResultSummary outcome="Error">
    <Counters total="1" executed="1" error="0" failed="0" timeout="0" aborted="1" inconclusive="0" passedButRunAborted="0" notRunnable="0" notExecuted="0" disconnected="0" warning="0" passed="0" completed="0" inProgress="0" pending="0" />
    <RunInfos>
      <RunInfo computerName="TYZ-PC" outcome="Error" timestamp="2013-10-21T22:04:04.7837718+08:00">
        <Text>测试宿主进程意外退出。</Text>
      </RunInfo>
    </RunInfos>
  </ResultSummary>
  <TestDefinitions>
    <UnitTest name="wotRootPathTest" storage="d:\dropbox\code\tankbot\testproject1\bin\release\testproject1.dll" id="f1f50303-3433-840d-2bad-4b3a7b8f36e4">
      <Execution id="2cf20ebb-3bbc-42f1-a71e-6e10970e686d" />
      <TestMethod codeBase="D:/Dropbox/code/TankBot/TestProject1/bin/Release/TestProject1.DLL" adapterTypeName="Microsoft.VisualStudio.TestTools.TestTypes.Unit.UnitTestAdapter, Microsoft.VisualStudio.QualityTools.Tips.UnitTest.Adapter, Version=10.0.0.0, Culture=neutral, PublicKeyToken=b03f5f7f11d50a3a" className="TestProject1.TBConstTest, TestProject1, Version=1.0.0.0, Culture=neutral, PublicKeyToken=null" name="wotRootPathTest" />
    </UnitTest>
  </TestDefinitions>
  <TestLists>
    <TestList name="列表中未列出的结果" id="8c84fa94-04c1-424b-9868-57a2d4851a1d" />
    <TestList name="所有已加载的结果" id="19431567-8539-422a-85d7-44ee4e166bda" />
  </TestLists>
  <TestEntries>
    <TestEntry testId="f1f50303-3433-840d-2bad-4b3a7b8f36e4" executionId="2cf20ebb-3bbc-42f1-a71e-6e10970e686d" testListId="8c84fa94-04c1-424b-9868-57a2d4851a1d" />
  </TestEntries>
  <Results>
    <UnitTestResult executionId="2cf20ebb-3bbc-42f1-a71e-6e10970e686d" testId="f1f50303-3433-840d-2bad-4b3a7b8f36e4" testName="wotRootPathTest" computerName="TYZ-PC" duration="00:00:10.0845768" startTime="2013-10-21T22:03:54.6991950+08:00" endTime="2013-10-21T22:04:04.7837718+08:00" testType="13cdc9d9-ddb5-4fa4-a97d-d965ccfc6d4b" outcome="Aborted" testListId="8c84fa94-04c1-424b-9868-57a2d4851a1d" relativeResultsDirectory="2cf20ebb-3bbc-42f1-a71e-6e10970e686d">
    </UnitTestResult>
  </Results>
</TestRun>