<?xml version="1.0" encoding="UTF-8"?>
<TestRun id="9ed6d1f2-57e9-4577-af83-afc2f1a30c5b" name="tyz@TYZ-PC 2013-10-13 15:56:13" runUser="tyz-PC\tyz" xmlns="http://microsoft.com/schemas/VisualStudio/TeamTest/2010">
  <TestSettings name="本地" id="785f5f82-70d2-4378-acc3-ab9f1ff51417">
    <Description>这些设置为本地测试运行的默认测试设置。</Description>
    <Deployment enabled="false" runDeploymentRoot="tyz_TYZ-PC 2013-10-13 15_56_13">
      <DeploymentItem filename="D:\Dropbox\code\TankBot\TankBot.exe" />
      <DeploymentItem filename="D:\Dropbox\code\TankBot\PowerCollections\bin\Release\PowerCollections.dll" />
    </Deployment>
    <Execution>
      <TestTypeSpecific />
      <AgentRule name="Execution Agents">
      </AgentRule>
    </Execution>
  </TestSettings>
  <Times creation="2013-10-13T15:56:13.1944706+08:00" queuing="2013-10-13T15:56:13.9345129+08:00" start="2013-10-13T15:56:13.9915162+08:00" finish="2013-10-13T15:56:44.9342860+08:00" />
  <ResultSummary outcome="Completed">
    <Counters total="1" executed="1" passed="1" error="0" failed="0" timeout="0" aborted="0" inconclusive="0" passedButRunAborted="0" notRunnable="0" notExecuted="0" disconnected="0" warning="0" completed="0" inProgress="0" pending="0" />
  </ResultSummary>
  <TestDefinitions>
    <UnitTest name="alwaysHasPathTest" storage="d:\dropbox\code\tankbot\testproject1\bin\release\testproject1.dll" id="850ae30f-8b07-12c0-e033-9d18cd6b0924">
      <Execution id="70b73e15-51d0-4f5a-876f-63f14d1e90d9" />
      <TestMethod codeBase="D:/Dropbox/code/TankBot/TestProject1/bin/Release/TestProject1.DLL" adapterTypeName="Microsoft.VisualStudio.TestTools.TestTypes.Unit.UnitTestAdapter, Microsoft.VisualStudio.QualityTools.Tips.UnitTest.Adapter, Version=10.0.0.0, Culture=neutral, PublicKeyToken=b03f5f7f11d50a3a" className="TestProject1.MapMiningTest, TestProject1, Version=1.0.0.0, Culture=neutral, PublicKeyToken=null" name="alwaysHasPathTest" />
    </UnitTest>
  </TestDefinitions>
  <TestLists>
    <TestList name="列表中未列出的结果" id="8c84fa94-04c1-424b-9868-57a2d4851a1d" />
    <TestList name="所有已加载的结果" id="19431567-8539-422a-85d7-44ee4e166bda" />
  </TestLists>
  <TestEntries>
    <TestEntry testId="850ae30f-8b07-12c0-e033-9d18cd6b0924" executionId="70b73e15-51d0-4f5a-876f-63f14d1e90d9" testListId="8c84fa94-04c1-424b-9868-57a2d4851a1d" />
  </TestEntries>
  <Results>
    <UnitTestResult executionId="70b73e15-51d0-4f5a-876f-63f14d1e90d9" testId="850ae30f-8b07-12c0-e033-9d18cd6b0924" testName="alwaysHasPathTest" computerName="TYZ-PC" duration="00:00:30.1674003" startTime="2013-10-13T15:56:14.0485194+08:00" endTime="2013-10-13T15:56:44.8842831+08:00" testType="13cdc9d9-ddb5-4fa4-a97d-d965ccfc6d4b" outcome="Passed" testListId="8c84fa94-04c1-424b-9868-57a2d4851a1d" relativeResultsDirectory="70b73e15-51d0-4f5a-876f-63f14d1e90d9">
      <Output>
        <DebugTrace># if trajectory 278
total trajectory point 18880
</DebugTrace>
      </Output>
    </UnitTestResult>
  </Results>
</TestRun>