<?xml version="1.0" encoding="UTF-8"?>
<TestRun id="0d98e1bc-1a1b-40d4-9a1c-c1d99a52c168" name="tyz@TYZ-PC 2013-10-14 19:00:35" runUser="tyz-PC\tyz" xmlns="http://microsoft.com/schemas/VisualStudio/TeamTest/2010">
  <TestSettings name="本地" id="785f5f82-70d2-4378-acc3-ab9f1ff51417">
    <Description>这些设置为本地测试运行的默认测试设置。</Description>
    <Deployment enabled="false" runDeploymentRoot="tyz_TYZ-PC 2013-10-14 19_00_35">
      <DeploymentItem filename="D:\Dropbox\code\TankBot\TankBot.exe" />
      <DeploymentItem filename="D:\Dropbox\code\TankBot\PowerCollections\bin\Release\PowerCollections.dll" />
    </Deployment>
    <Execution>
      <TestTypeSpecific />
      <AgentRule name="Execution Agents">
      </AgentRule>
    </Execution>
  </TestSettings>
  <Times creation="2013-10-14T19:00:35.1439752+08:00" queuing="2013-10-14T19:00:35.1759771+08:00" start="2013-10-14T19:00:35.1799773+08:00" finish="2013-10-14T19:00:35.4969954+08:00" />
  <ResultSummary outcome="Failed">
    <Counters total="1" executed="1" error="0" failed="1" timeout="0" aborted="0" inconclusive="0" passedButRunAborted="0" notRunnable="0" notExecuted="0" disconnected="0" warning="0" passed="0" completed="0" inProgress="0" pending="0" />
  </ResultSummary>
  <TestDefinitions>
    <UnitTest name="toStrTest" storage="d:\dropbox\code\tankbot\testproject1\bin\release\testproject1.dll" id="7ee7f1e0-de76-9107-e25d-753357c9bfee">
      <Execution id="6a0dc089-1cf2-4c35-92f3-57ed11b89dd3" />
      <TestMethod codeBase="D:/Dropbox/code/TankBot/TestProject1/bin/Release/TestProject1.DLL" adapterTypeName="Microsoft.VisualStudio.TestTools.TestTypes.Unit.UnitTestAdapter, Microsoft.VisualStudio.QualityTools.Tips.UnitTest.Adapter, Version=10.0.0.0, Culture=neutral, PublicKeyToken=b03f5f7f11d50a3a" className="TestProject1.RateCountTest, TestProject1, Version=1.0.0.0, Culture=neutral, PublicKeyToken=null" name="toStrTest" />
    </UnitTest>
  </TestDefinitions>
  <TestLists>
    <TestList name="列表中未列出的结果" id="8c84fa94-04c1-424b-9868-57a2d4851a1d" />
    <TestList name="所有已加载的结果" id="19431567-8539-422a-85d7-44ee4e166bda" />
  </TestLists>
  <TestEntries>
    <TestEntry testId="7ee7f1e0-de76-9107-e25d-753357c9bfee" executionId="6a0dc089-1cf2-4c35-92f3-57ed11b89dd3" testListId="8c84fa94-04c1-424b-9868-57a2d4851a1d" />
  </TestEntries>
  <Results>
    <UnitTestResult executionId="6a0dc089-1cf2-4c35-92f3-57ed11b89dd3" testId="7ee7f1e0-de76-9107-e25d-753357c9bfee" testName="toStrTest" computerName="TYZ-PC" duration="00:00:00.1362042" startTime="2013-10-14T19:00:35.1809773+08:00" endTime="2013-10-14T19:00:35.4849947+08:00" testType="13cdc9d9-ddb5-4fa4-a97d-d965ccfc6d4b" outcome="Failed" testListId="8c84fa94-04c1-424b-9868-57a2d4851a1d" relativeResultsDirectory="6a0dc089-1cf2-4c35-92f3-57ed11b89dd3">
      <Output>
        <ErrorInfo>
          <Message>Assert.AreEqual 失败。应为: &lt;haha 1&gt;，实际为: &lt;haha 1
&gt;。</Message>
          <StackTrace>   在 TestProject1.RateCountTest.toStrTest() 位置 D:\Dropbox\code\TankBot\TestProject1\RateCountTest.cs:行号 76
</StackTrace>
        </ErrorInfo>
      </Output>
    </UnitTestResult>
  </Results>
</TestRun>