<?xml version="1.0" encoding="UTF-8"?>
<TestRun id="d16b569c-0c3b-41b7-86bd-45aaa0f62b6f" name="tyz@TYZ-PC 2013-10-21 19:33:54" runUser="tyz-PC\tyz" xmlns="http://microsoft.com/schemas/VisualStudio/TeamTest/2010">
  <TestSettings name="本地" id="785f5f82-70d2-4378-acc3-ab9f1ff51417">
    <Description>这些设置为本地测试运行的默认测试设置。</Description>
    <Deployment enabled="false" runDeploymentRoot="tyz_TYZ-PC 2013-10-21 19_33_54">
      <DeploymentItem filename="D:\Dropbox\code\TankBot\PowerCollections\bin\Release\PowerCollections.dll" />
      <DeploymentItem filename="C:\wotdbg\res_mods\TankBot.exe" />
    </Deployment>
    <Execution>
      <TestTypeSpecific />
      <AgentRule name="Execution Agents">
      </AgentRule>
    </Execution>
  </TestSettings>
  <Times creation="2013-10-21T19:33:54.1663940+08:00" queuing="2013-10-21T19:33:54.8724343+08:00" start="2013-10-21T19:33:54.9814406+08:00" finish="2013-10-21T19:34:04.8930075+08:00" />
  <ResultSummary outcome="Error">
    <Counters total="1" executed="1" error="0" failed="0" timeout="0" aborted="1" inconclusive="0" passedButRunAborted="0" notRunnable="0" notExecuted="0" disconnected="0" warning="0" passed="0" completed="0" inProgress="0" pending="0" />
    <RunInfos>
      <RunInfo computerName="TYZ-PC" outcome="Error" timestamp="2013-10-21T19:34:04.8930075+08:00">
        <Text>测试宿主进程意外退出。</Text>
      </RunInfo>
    </RunInfos>
  </ResultSummary>
  <TestDefinitions>
    <UnitTest name="cheatMasterUserNameTest" storage="d:\dropbox\code\tankbot\testproject1\bin\release\testproject1.dll" id="38590647-bc4c-8f50-a391-0f4dbccc84b0">
      <Execution id="df9d2aba-ec07-4840-9ab6-c6fab91edb8b" />
      <TestMethod codeBase="D:/Dropbox/code/TankBot/TestProject1/bin/Release/TestProject1.DLL" adapterTypeName="Microsoft.VisualStudio.TestTools.TestTypes.Unit.UnitTestAdapter, Microsoft.VisualStudio.QualityTools.Tips.UnitTest.Adapter, Version=10.0.0.0, Culture=neutral, PublicKeyToken=b03f5f7f11d50a3a" className="TestProject1.TBConstTest, TestProject1, Version=1.0.0.0, Culture=neutral, PublicKeyToken=null" name="cheatMasterUserNameTest" />
    </UnitTest>
  </TestDefinitions>
  <TestLists>
    <TestList name="列表中未列出的结果" id="8c84fa94-04c1-424b-9868-57a2d4851a1d" />
    <TestList name="所有已加载的结果" id="19431567-8539-422a-85d7-44ee4e166bda" />
  </TestLists>
  <TestEntries>
    <TestEntry testId="38590647-bc4c-8f50-a391-0f4dbccc84b0" executionId="df9d2aba-ec07-4840-9ab6-c6fab91edb8b" testListId="8c84fa94-04c1-424b-9868-57a2d4851a1d" />
  </TestEntries>
  <Results>
    <UnitTestResult executionId="df9d2aba-ec07-4840-9ab6-c6fab91edb8b" testId="38590647-bc4c-8f50-a391-0f4dbccc84b0" testName="cheatMasterUserNameTest" computerName="TYZ-PC" duration="00:00:09.8135613" startTime="2013-10-21T19:33:55.0794462+08:00" endTime="2013-10-21T19:34:04.8930075+08:00" testType="13cdc9d9-ddb5-4fa4-a97d-d965ccfc6d4b" outcome="Aborted" testListId="8c84fa94-04c1-424b-9868-57a2d4851a1d" relativeResultsDirectory="df9d2aba-ec07-4840-9ab6-c6fab91edb8b">
    </UnitTestResult>
  </Results>
</TestRun>