<?xml version="1.0" encoding="UTF-8"?>
<TestRun id="20348836-9b42-48ac-a580-ca0ba14c80c3" name="tyz@TYZ-PC 2013-10-21 19:28:01" runUser="tyz-PC\tyz" xmlns="http://microsoft.com/schemas/VisualStudio/TeamTest/2010">
  <TestSettings name="本地" id="785f5f82-70d2-4378-acc3-ab9f1ff51417">
    <Description>这些设置为本地测试运行的默认测试设置。</Description>
    <Deployment enabled="false" runDeploymentRoot="tyz_TYZ-PC 2013-10-21 19_28_01">
      <DeploymentItem filename="D:\Dropbox\code\TankBot\PowerCollections\bin\Release\PowerCollections.dll" />
      <DeploymentItem filename="C:\wotdbg\res_mods\TankBot.exe" />
    </Deployment>
    <Execution>
      <TestTypeSpecific />
      <AgentRule name="Execution Agents">
      </AgentRule>
    </Execution>
  </TestSettings>
  <Times creation="2013-10-21T19:28:01.4092174+08:00" queuing="2013-10-21T19:28:02.1932622+08:00" start="2013-10-21T19:28:02.3042686+08:00" finish="2013-10-21T19:28:25.5705993+08:00" />
  <ResultSummary outcome="Error">
    <Counters total="1" executed="1" error="0" failed="0" timeout="0" aborted="1" inconclusive="0" passedButRunAborted="0" notRunnable="0" notExecuted="0" disconnected="0" warning="0" passed="0" completed="0" inProgress="0" pending="0" />
    <RunInfos>
      <RunInfo computerName="TYZ-PC" outcome="Error" timestamp="2013-10-21T19:28:25.5695993+08:00">
        <Text>测试宿主进程意外退出。</Text>
      </RunInfo>
    </RunInfos>
  </ResultSummary>
  <TestDefinitions>
    <UnitTest name="cheatServerIpTest" storage="d:\dropbox\code\tankbot\testproject1\bin\release\testproject1.dll" id="4bccd34c-2c4c-ffee-6bfe-ecfe47914688">
      <Execution id="72d8d771-7cc0-4aab-893b-89f920e68f3f" />
      <TestMethod codeBase="D:/Dropbox/code/TankBot/TestProject1/bin/Release/TestProject1.DLL" adapterTypeName="Microsoft.VisualStudio.TestTools.TestTypes.Unit.UnitTestAdapter, Microsoft.VisualStudio.QualityTools.Tips.UnitTest.Adapter, Version=10.0.0.0, Culture=neutral, PublicKeyToken=b03f5f7f11d50a3a" className="TestProject1.TBConstTest, TestProject1, Version=1.0.0.0, Culture=neutral, PublicKeyToken=null" name="cheatServerIpTest" />
    </UnitTest>
  </TestDefinitions>
  <TestLists>
    <TestList name="列表中未列出的结果" id="8c84fa94-04c1-424b-9868-57a2d4851a1d" />
    <TestList name="所有已加载的结果" id="19431567-8539-422a-85d7-44ee4e166bda" />
  </TestLists>
  <TestEntries>
    <TestEntry testId="4bccd34c-2c4c-ffee-6bfe-ecfe47914688" executionId="72d8d771-7cc0-4aab-893b-89f920e68f3f" testListId="8c84fa94-04c1-424b-9868-57a2d4851a1d" />
  </TestEntries>
  <Results>
    <UnitTestResult executionId="72d8d771-7cc0-4aab-893b-89f920e68f3f" testId="4bccd34c-2c4c-ffee-6bfe-ecfe47914688" testName="cheatServerIpTest" computerName="TYZ-PC" duration="00:00:23.1693252" startTime="2013-10-21T19:28:02.4012741+08:00" endTime="2013-10-21T19:28:25.5705993+08:00" testType="13cdc9d9-ddb5-4fa4-a97d-d965ccfc6d4b" outcome="Aborted" testListId="8c84fa94-04c1-424b-9868-57a2d4851a1d" relativeResultsDirectory="72d8d771-7cc0-4aab-893b-89f920e68f3f">
    </UnitTestResult>
  </Results>
</TestRun>