<?xml version="1.0" encoding="UTF-8"?>
<TestRun id="75e09931-54cb-4bd7-b664-72f7a31c90a0" name="tyz@TYZ-PC 2013-10-21 19:27:35" runUser="tyz-PC\tyz" xmlns="http://microsoft.com/schemas/VisualStudio/TeamTest/2010">
  <TestSettings name="本地" id="785f5f82-70d2-4378-acc3-ab9f1ff51417">
    <Description>这些设置为本地测试运行的默认测试设置。</Description>
    <Deployment enabled="false" runDeploymentRoot="tyz_TYZ-PC 2013-10-21 19_27_35">
      <DeploymentItem filename="D:\Dropbox\code\TankBot\PowerCollections\bin\Release\PowerCollections.dll" />
      <DeploymentItem filename="C:\wotdbg\res_mods\TankBot.exe" />
    </Deployment>
    <Execution>
      <TestTypeSpecific />
      <AgentRule name="Execution Agents">
      </AgentRule>
    </Execution>
  </TestSettings>
  <Times creation="2013-10-21T19:27:35.9217596+08:00" queuing="2013-10-21T19:27:36.8288115+08:00" start="2013-10-21T19:27:36.8708139+08:00" finish="2013-10-21T19:27:37.2958382+08:00" />
  <ResultSummary outcome="Completed">
    <Counters total="1" executed="1" passed="1" error="0" failed="0" timeout="0" aborted="0" inconclusive="0" passedButRunAborted="0" notRunnable="0" notExecuted="0" disconnected="0" warning="0" completed="0" inProgress="0" pending="0" />
  </ResultSummary>
  <TestDefinitions>
    <UnitTest name="cheatServerIpTest" storage="d:\dropbox\code\tankbot\testproject1\bin\release\testproject1.dll" id="4bccd34c-2c4c-ffee-6bfe-ecfe47914688">
      <Execution id="15493280-baef-43b2-8dea-bf1584d07956" />
      <TestMethod codeBase="D:/Dropbox/code/TankBot/TestProject1/bin/Release/TestProject1.DLL" adapterTypeName="Microsoft.VisualStudio.TestTools.TestTypes.Unit.UnitTestAdapter, Microsoft.VisualStudio.QualityTools.Tips.UnitTest.Adapter, Version=10.0.0.0, Culture=neutral, PublicKeyToken=b03f5f7f11d50a3a" className="TestProject1.TBConstTest, TestProject1, Version=1.0.0.0, Culture=neutral, PublicKeyToken=null" name="cheatServerIpTest" />
    </UnitTest>
  </TestDefinitions>
  <TestLists>
    <TestList name="列表中未列出的结果" id="8c84fa94-04c1-424b-9868-57a2d4851a1d" />
    <TestList name="所有已加载的结果" id="19431567-8539-422a-85d7-44ee4e166bda" />
  </TestLists>
  <TestEntries>
    <TestEntry testId="4bccd34c-2c4c-ffee-6bfe-ecfe47914688" executionId="15493280-baef-43b2-8dea-bf1584d07956" testListId="8c84fa94-04c1-424b-9868-57a2d4851a1d" />
  </TestEntries>
  <Results>
    <UnitTestResult executionId="15493280-baef-43b2-8dea-bf1584d07956" testId="4bccd34c-2c4c-ffee-6bfe-ecfe47914688" testName="cheatServerIpTest" computerName="TYZ-PC" duration="00:00:00.0213183" startTime="2013-10-21T19:27:36.8898150+08:00" endTime="2013-10-21T19:27:37.2428352+08:00" testType="13cdc9d9-ddb5-4fa4-a97d-d965ccfc6d4b" outcome="Passed" testListId="8c84fa94-04c1-424b-9868-57a2d4851a1d" relativeResultsDirectory="15493280-baef-43b2-8dea-bf1584d07956">
    </UnitTestResult>
  </Results>
</TestRun>